#
# An unexpected error has been detected by Java Runtime Environment:
#
#  EXCEPTION_ACCESS_VIOLATION (0xc0000005) at pc=0x688970ba, pid=3172, tid=8008
#
# Java VM: Java HotSpot(TM) Client VM (10.0-b19 mixed mode windows-x86)
# Problematic frame:
# C  0x688970ba
#
# If you would like to submit a bug report, please visit:
#   http://java.sun.com/webapps/bugreport/crash.jsp
# The crash happened outside the Java Virtual Machine in native code.
# See problematic frame for where to report the bug.
#

---------------  T H R E A D  ---------------

Current thread (0x051b2000):  JavaThread "main" [_thread_in_native, id=8008, stack(0x00430000,0x00c30000)]

siginfo: ExceptionCode=0xc0000005, writing address 0x0000001c

Registers:
EAX=0x00000000, EBX=0x00000000, ECX=0x010fde08, EDX=0x00000000
ESP=0x00c2c198, EBP=0x00c2c198, ESI=0x010fddf0, EDI=0x010fe2d0
EIP=0x688970ba, EFLAGS=0x00210246

Top of Stack: (sp=0x00c2c198)
0x00c2c198:   00c2c1b4 688adbdd 010fde14 00000000
0x00c2c1a8:   00c2c1f0 00000000 0dbc5b50 00c2c1d0
0x00c2c1b8:   688c9a68 00c2c1f0 0b25c948 051b20f4
0x00c2c1c8:   19ecc378 ffffffff 00c2c1e8 6ace11cb
0x00c2c1d8:   010fddf0 00c2c1f0 051b2000 19ecc378
0x00c2c1e8:   00c2c22c 07109c91 010fe2d0 00c2c248
0x00c2c1f8:   010fddf0 00000000 00c2c23c 051b2000
0x00c2c208:   000000bc 00c2c20c 00000000 00c2c248 

Instructions: (pc=0x688970ba)
0x688970aa:   c3 90 90 90 90 90 8b ff 55 8b ec 8b 45 08 8b 00
0x688970ba:   ff 48 1c 83 c0 04 50 ff 15 ac 11 87 68 5d c3 90 


Stack: [0x00430000,0x00c30000],  sp=0x00c2c198,  free space=8176k
Native frames: (J=compiled Java code, j=interpreted, Vv=VM code, C=native code)
C  0x688970ba
C  0x688adbdd
C  0x688c9a68
C  0x6ace11cb
v  ~BufferBlob::Interpreter
v  ~BufferBlob::Interpreter
v  ~BufferBlob::Interpreter
v  ~BufferBlob::Interpreter
v  ~BufferBlob::Interpreter
v  ~BufferBlob::Interpreter
v  ~BufferBlob::Interpreter
v  ~BufferBlob::Interpreter
v  ~BufferBlob::StubRoutines (1)

Java frames: (J=compiled Java code, j=interpreted, Vv=VM code)
v  ~BufferBlob::Interpreter
v  ~BufferBlob::Interpreter
v  ~BufferBlob::Interpreter
v  ~BufferBlob::Interpreter
v  ~BufferBlob::Interpreter
v  ~BufferBlob::Interpreter
v  ~BufferBlob::Interpreter
v  ~BufferBlob::Interpreter
v  ~BufferBlob::StubRoutines (1)

---------------  P R O C E S S  ---------------

Java Threads: ( => current thread )
  0x0b50f800 JavaThread "Thread-189" [_thread_blocked, id=6064, stack(0x0bad0000,0x0bb50000)]
  0x0b50fc00 JavaThread "Thread-101" [_thread_blocked, id=5096, stack(0x0bbe0000,0x0bc60000)]
  0x0b50f000 JavaThread "Thread-38" [_thread_blocked, id=7344, stack(0x0bb50000,0x0bbd0000)]
  0x0b69c000 JavaThread "Thread-31" [_thread_blocked, id=6500, stack(0x069a0000,0x06a20000)]
  0x0b69b000 JavaThread "Prefs Updater" [_thread_blocked, id=6216, stack(0x06920000,0x069a0000)]
  0x0b69bc00 JavaThread "Thread-19" [_thread_blocked, id=7256, stack(0x1c890000,0x1c910000)]
  0x0b69b400 JavaThread "Thread-18" [_thread_blocked, id=7764, stack(0x1c810000,0x1c890000)]
  0x0b69a400 JavaThread "Thread-17" [_thread_blocked, id=6600, stack(0x0cf90000,0x0d010000)]
  0x0b699c00 JavaThread "Active Reference Queue Daemon" daemon [_thread_blocked, id=6372, stack(0x0c710000,0x0c790000)]
  0x0b699800 JavaThread "Timer-12" daemon [_thread_blocked, id=1752, stack(0x0beb0000,0x0bf30000)]
  0x0b699000 JavaThread "Timer-11" daemon [_thread_blocked, id=2264, stack(0x0cf10000,0x0cf90000)]
  0x0b645800 JavaThread "Timer-1" [_thread_blocked, id=6344, stack(0x0ca50000,0x0cad0000)]
  0x0b33fc00 JavaThread "TimerQueue" daemon [_thread_blocked, id=5268, stack(0x0c810000,0x0c890000)]
  0x0b31a000 JavaThread "AWT-EventQueue-0" [_thread_blocked, id=4188, stack(0x0c790000,0x0c810000)]
  0x0b2bc400 JavaThread "AWT-Windows" daemon [_thread_in_native, id=5588, stack(0x0ba40000,0x0bac0000)]
  0x0b25d400 JavaThread "AWT-Shutdown" [_thread_blocked, id=7876, stack(0x0b9c0000,0x0ba40000)]
  0x0b25cc00 JavaThread "Java2D Disposer" daemon [_thread_blocked, id=1236, stack(0x0b940000,0x0b9c0000)]
  0x0aa24800 JavaThread "Timer-0" [_thread_blocked, id=3848, stack(0x0ac00000,0x0ac80000)]
  0x0aa1d800 JavaThread "JMI Unnamed Thread" [_thread_in_native, id=7528, stack(0x048a0000,0x050a0000)]
  0x05259800 JavaThread "Low Memory Detector" daemon [_thread_blocked, id=7284, stack(0x0a180000,0x0a200000)]
  0x05255c00 JavaThread "CompilerThread0" daemon [_thread_blocked, id=4536, stack(0x09980000,0x0a180000)]
  0x0524d000 JavaThread "Attach Listener" daemon [_thread_blocked, id=1960, stack(0x09900000,0x09980000)]
  0x05232800 JavaThread "Finalizer" daemon [_thread_blocked, id=6668, stack(0x06c10000,0x06c90000)]
  0x05231800 JavaThread "Reference Handler" daemon [_thread_blocked, id=7592, stack(0x06b00000,0x06b80000)]
=>0x051b2000 JavaThread "main" [_thread_in_native, id=8008, stack(0x00430000,0x00c30000)]

Other Threads:
  0x0522c800 VMThread [stack: 0x09100000,0x09900000] [id=1564]
  0x0526e000 WatcherThread [stack: 0x0a200000,0x0aa00000] [id=4736]

VM state:not at safepoint (normal execution)

VM Mutex/Monitor currently owned by a thread: None

Heap
 def new generation   total 23616K, used 148K [0x10010000, 0x119b0000, 0x12010000)
  eden space 20992K,   0% used [0x10010000, 0x100351c0, 0x11490000)
  from space 2624K,   0% used [0x11490000, 0x11490000, 0x11720000)
  to   space 2624K,   0% used [0x11720000, 0x11720000, 0x119b0000)
 tenured generation   total 78420K, used 43526K [0x12010000, 0x16ca5000, 0x18010000)
   the space 78420K,  55% used [0x12010000, 0x14a91b98, 0x14a91c00, 0x16ca5000)
 compacting perm gen  total 32768K, used 31953K [0x18010000, 0x1a010000, 0x1c010000)
   the space 32768K,  97% used [0x18010000, 0x19f44440, 0x19f44600, 0x1a010000)
No shared spaces configured.

Dynamic libraries:
0x00400000 - 0x0042f000 	C:\Program Files\MATLAB\R2009a\bin\win32\matlab.exe
0x777f0000 - 0x7792c000 	C:\Windows\SYSTEM32\ntdll.dll
0x76ef0000 - 0x76fc4000 	C:\Windows\system32\kernel32.dll
0x75ae0000 - 0x75b2b000 	C:\Windows\system32\KERNELBASE.dll
0x7b280000 - 0x7b34a000 	C:\Program Files\MATLAB\R2009a\bin\win32\libut.dll
0x75dc0000 - 0x75dea000 	C:\Windows\system32\imagehlp.dll
0x77590000 - 0x7763c000 	C:\Windows\system32\msvcrt.dll
0x77980000 - 0x77a20000 	C:\Windows\system32\ADVAPI32.dll
0x76040000 - 0x76059000 	C:\Windows\SYSTEM32\sechost.dll
0x75f90000 - 0x76031000 	C:\Windows\system32\RPCRT4.dll
0x76060000 - 0x76065000 	C:\Windows\system32\PSAPI.DLL
0x7bba0000 - 0x7bbbf000 	C:\Program Files\MATLAB\R2009a\bin\win32\LIBEXPAT.dll
0x71430000 - 0x714cb000 	C:\Windows\WinSxS\x86_microsoft.vc80.crt_1fc8b3b9a1e18e3b_8.0.50727.6229_none_d089f796442de10e\MSVCR80.dll
0x7b6b0000 - 0x7b791000 	C:\Program Files\MATLAB\R2009a\bin\win32\icuuc38.dll
0x7ad90000 - 0x7ad94000 	C:\Program Files\MATLAB\R2009a\bin\win32\icudt38.dll
0x7ada0000 - 0x7adac000 	C:\Program Files\MATLAB\R2009a\bin\win32\icuio38.dll
0x7afe0000 - 0x7b0c4000 	C:\Program Files\MATLAB\R2009a\bin\win32\icuin38.dll
0x714d0000 - 0x71557000 	C:\Windows\WinSxS\x86_microsoft.vc80.crt_1fc8b3b9a1e18e3b_8.0.50727.6229_none_d089f796442de10e\MSVCP80.dll
0x75cd0000 - 0x75d99000 	C:\Windows\system32\USER32.dll
0x75c80000 - 0x75cce000 	C:\Windows\system32\GDI32.dll
0x760d0000 - 0x760da000 	C:\Windows\system32\LPK.dll
0x76fd0000 - 0x7706d000 	C:\Windows\system32\USP10.dll
0x782e0000 - 0x78317000 	C:\Program Files\MATLAB\R2009a\bin\win32\libmwfl.dll
0x10000000 - 0x1000e000 	C:\Program Files\MATLAB\R2009a\bin\win32\boost_date_time-vc80-mt-1_36.dll
0x00140000 - 0x00150000 	C:\Program Files\MATLAB\R2009a\bin\win32\boost_signals-vc80-mt-1_36.dll
0x00160000 - 0x00167000 	C:\Program Files\MATLAB\R2009a\bin\win32\boost_system-vc80-mt-1_36.dll
0x00180000 - 0x0018c000 	C:\Program Files\MATLAB\R2009a\bin\win32\boost_thread-vc80-mt-1_36.dll
0x7b3b0000 - 0x7b59a000 	C:\Program Files\MATLAB\R2009a\bin\win32\libmwservices.dll
0x7b350000 - 0x7b3aa000 	C:\Program Files\MATLAB\R2009a\bin\win32\libmx.dll
0x787a0000 - 0x787b3000 	C:\Program Files\MATLAB\R2009a\bin\win32\zlib1.dll
0x7b5a0000 - 0x7b6af000 	C:\Program Files\MATLAB\R2009a\bin\win32\libmwmathutil.dll
0x79510000 - 0x79543000 	C:\Program Files\MATLAB\R2009a\bin\win32\mpath.dll
0x6fef0000 - 0x6ff1f000 	C:\Program Files\MATLAB\R2009a\bin\win32\mlutil.dll
0x002f0000 - 0x00329000 	C:\Program Files\MATLAB\R2009a\bin\win32\tbb.dll
0x70f80000 - 0x71004000 	C:\Windows\WinSxS\x86_microsoft.windows.common-controls_6595b64144ccf1df_5.82.7601.17514_none_ec83dffa859149af\COMCTL32.dll
0x772a0000 - 0x7731b000 	C:\Windows\system32\comdlg32.dll
0x77320000 - 0x77377000 	C:\Windows\system32\SHLWAPI.dll
0x76180000 - 0x76dca000 	C:\Windows\system32\SHELL32.dll
0x73ce0000 - 0x73cf1000 	C:\Windows\system32\NETAPI32.dll
0x73cd0000 - 0x73cd9000 	C:\Windows\system32\netutils.dll
0x75800000 - 0x75819000 	C:\Windows\system32\srvcli.dll
0x73cc0000 - 0x73ccf000 	C:\Windows\system32\wkscli.dll
0x77930000 - 0x77965000 	C:\Windows\system32\WS2_32.dll
0x77970000 - 0x77976000 	C:\Windows\system32\NSI.dll
0x79a80000 - 0x79ad3000 	C:\Program Files\MATLAB\R2009a\bin\win32\mcr.dll
0x7adb0000 - 0x7adeb000 	C:\Program Files\MATLAB\R2009a\bin\win32\iqm.dll
0x7a080000 - 0x7a558000 	C:\Program Files\MATLAB\R2009a\bin\win32\m_interpreter.dll
0x7ae00000 - 0x7ae0c000 	C:\Program Files\MATLAB\R2009a\bin\win32\libmex.dll
0x79960000 - 0x799b7000 	C:\Program Files\MATLAB\R2009a\bin\win32\m_dispatcher.dll
0x78670000 - 0x7868c000 	C:\Program Files\MATLAB\R2009a\bin\win32\datasvcs.dll
0x78df0000 - 0x78fb2000 	C:\Program Files\MATLAB\R2009a\bin\win32\xerces-c_2_7.dll
0x00c30000 - 0x00ccd000 	C:\Program Files\MATLAB\R2009a\bin\win32\boost_regex-vc80-mt-1_36.dll
0x79870000 - 0x798c7000 	C:\Program Files\MATLAB\R2009a\bin\win32\profiler.dll
0x7ae60000 - 0x7ae7e000 	C:\Program Files\MATLAB\R2009a\bin\win32\libmwmathrng.dll
0x78720000 - 0x78732000 	C:\Program Files\MATLAB\R2009a\bin\win32\m_pcodeio.dll
0x794d0000 - 0x79507000 	C:\Program Files\MATLAB\R2009a\bin\win32\m_ir.dll
0x79b60000 - 0x7a077000 	C:\Program Files\MATLAB\R2009a\bin\win32\m_parser.dll
0x7adf0000 - 0x7adfe000 	C:\Program Files\MATLAB\R2009a\bin\win32\ir_xfmr.dll
0x78320000 - 0x78468000 	C:\Program Files\MATLAB\R2009a\bin\win32\mcos.dll
0x7aea0000 - 0x7aeaa000 	C:\Program Files\MATLAB\R2009a\bin\win32\mtok.dll
0x78700000 - 0x78716000 	C:\Program Files\MATLAB\R2009a\bin\win32\m_pcodegen.dll
0x78650000 - 0x7866b000 	C:\Program Files\MATLAB\R2009a\bin\win32\bridge.dll
0x7aae0000 - 0x7ab64000 	C:\Program Files\MATLAB\R2009a\bin\win32\udd.dll
0x7b7a0000 - 0x7b89b000 	C:\Program Files\MATLAB\R2009a\bin\win32\libmwgui.dll
0x78800000 - 0x789f1000 	C:\Program Files\MATLAB\R2009a\bin\win32\hg.dll
0x78690000 - 0x786b2000 	C:\Program Files\MATLAB\R2009a\bin\win32\libmat.dll
0x7b0d0000 - 0x7b275000 	C:\Program Files\MATLAB\R2009a\bin\win32\libhdf5.dll
0x793e0000 - 0x7941e000 	C:\Program Files\MATLAB\R2009a\bin\win32\jmi.dll
0x790f0000 - 0x7911c000 	C:\Program Files\MATLAB\R2009a\bin\win32\libmwhardcopy.dll
0x79490000 - 0x794c7000 	C:\Program Files\MATLAB\R2009a\bin\win32\libuij.dll
0x78d50000 - 0x78de5000 	C:\Program Files\MATLAB\R2009a\bin\win32\libmwmathlinalg.dll
0x78a60000 - 0x78d42000 	C:\Program Files\MATLAB\R2009a\bin\win32\libmwmathelem.dll
0x78a00000 - 0x78a52000 	C:\Program Files\MATLAB\R2009a\bin\win32\libmwmathcore.dll
0x798d0000 - 0x79917000 	C:\Program Files\MATLAB\R2009a\bin\win32\libmwcholmod.dll
0x7ae10000 - 0x7ae1a000 	C:\Program Files\MATLAB\R2009a\bin\win32\libmwamd.dll
0x7ae40000 - 0x7ae49000 	C:\Program Files\MATLAB\R2009a\bin\win32\libmwcolamd.dll
0x7ae30000 - 0x7ae3d000 	C:\Program Files\MATLAB\R2009a\bin\win32\libmwblas.dll
0x7ae20000 - 0x7ae2c000 	C:\Program Files\MATLAB\R2009a\bin\win32\libmwbinder.dll
0x786c0000 - 0x786f8000 	C:\Program Files\MATLAB\R2009a\bin\win32\libmwlapack.dll
0x6feb0000 - 0x6fee5000 	C:\Program Files\MATLAB\R2009a\bin\win32\libmwrookfastbp.dll
0x79120000 - 0x7915c000 	C:\Program Files\MATLAB\R2009a\bin\win32\libmwma57.dll
0x7aef0000 - 0x7afd9000 	C:\Program Files\MATLAB\R2009a\bin\win32\libifcoremd.dll
0x79550000 - 0x79813000 	C:\Program Files\MATLAB\R2009a\bin\win32\libmmd.dll
0x7ae50000 - 0x7ae5c000 	C:\Program Files\MATLAB\R2009a\bin\win32\libmwcsparse.dll
0x79a20000 - 0x79a73000 	C:\Program Files\MATLAB\R2009a\bin\win32\libmwumfpack.dll
0x00e70000 - 0x00f17000 	C:\Program Files\MATLAB\R2009a\bin\win32\hgdatatypes.dll
0x7ab70000 - 0x7ad89000 	C:\Program Files\MATLAB\R2009a\bin\win32\uiw.dll
0x7aee0000 - 0x7aee9000 	C:\Program Files\MATLAB\R2009a\bin\win32\uinone.dll
0x5f010000 - 0x5f120000 	C:\Windows\WinSxS\x86_microsoft.vc80.mfc_1fc8b3b9a1e18e3b_8.0.50727.6229_none_cbee8c4a4710d003\MFC80.DLL
0x6efc0000 - 0x6f011000 	C:\Windows\system32\WINSPOOL.DRV
0x77140000 - 0x7729c000 	C:\Windows\system32\ole32.dll
0x760e0000 - 0x7616f000 	C:\Windows\system32\OLEAUT32.dll
0x79ae0000 - 0x79b55000 	C:\Program Files\MATLAB\R2009a\bin\win32\udd_mi.dll
0x78740000 - 0x78753000 	C:\Program Files\MATLAB\R2009a\bin\win32\mwoles05.DLL
0x79820000 - 0x79864000 	C:\Program Files\MATLAB\R2009a\bin\win32\comcli.dll
0x62b10000 - 0x62b2b000 	C:\Windows\WinSxS\x86_microsoft.vc80.atl_1fc8b3b9a1e18e3b_8.0.50727.6229_none_d1c3b2e2435ad752\ATL80.DLL
0x7ae90000 - 0x7ae9b000 	C:\Program Files\MATLAB\R2009a\bin\win32\mlautoregister.dll
0x758b0000 - 0x758fc000 	C:\Windows\system32\apphelp.dll
0x62c30000 - 0x62cbd000 	C:\Windows\AppPatch\AcLayers.DLL
0x75890000 - 0x758ab000 	C:\Windows\system32\SspiCli.dll
0x74f90000 - 0x74fa7000 	C:\Windows\system32\USERENV.dll
0x75980000 - 0x7598b000 	C:\Windows\system32\profapi.dll
0x71010000 - 0x71022000 	C:\Windows\system32\MPR.dll
0x75da0000 - 0x75dbf000 	C:\Windows\system32\IMM32.DLL
0x77070000 - 0x7713c000 	C:\Windows\system32\MSCTF.dll
0x654f0000 - 0x654fe000 	C:\Windows\WinSxS\x86_microsoft.vc80.mfcloc_1fc8b3b9a1e18e3b_8.0.50727.6229_none_03c6cf28205ff947\MFC80ENU.DLL
0x636b0000 - 0x636d9000 	C:\Program Files\Spyware Doctor\smum32.dll
0x60c50000 - 0x60c6f000 	C:\Program Files\Spyware Doctor\klg.dat
0x744d0000 - 0x74510000 	C:\Windows\system32\uxtheme.dll
0x014a0000 - 0x014c5000 	C:\Windows\system32\IBFS32.DLL
0x73de0000 - 0x73dfc000 	C:\Windows\system32\iphlpapi.dll
0x73770000 - 0x73777000 	C:\Windows\system32\WINNSI.DLL
0x752a0000 - 0x752e4000 	C:\Windows\system32\DNSAPI.dll
0x71e20000 - 0x71e2d000 	C:\Windows\system32\dhcpcsvc6.DLL
0x71e00000 - 0x71e12000 	C:\Windows\system32\dhcpcsvc.DLL
0x737f0000 - 0x737f3000 	C:\Windows\system32\icmp.Dll
0x75900000 - 0x7590c000 	C:\Windows\system32\CRYPTBASE.dll
0x79190000 - 0x793e0000 	C:\Program Files\MATLAB\R2009a\sys\java\jre\win32\jre\bin\client\jvm.dll
0x73ed0000 - 0x73f02000 	C:\Windows\system32\WINMM.dll
0x6ffa0000 - 0x6fff6000 	C:\Program Files\MATLAB\R2009a\bin\win32\MSVCR71.dll
0x69710000 - 0x697fb000 	C:\Windows\system32\dbghelp.dll
0x79920000 - 0x79928000 	C:\Program Files\MATLAB\R2009a\sys\java\jre\win32\jre\bin\hpi.dll
0x79940000 - 0x7994c000 	C:\Program Files\MATLAB\R2009a\sys\java\jre\win32\jre\bin\verify.dll
0x787c0000 - 0x787df000 	C:\Program Files\MATLAB\R2009a\sys\java\jre\win32\jre\bin\java.dll
0x79950000 - 0x7995f000 	C:\Program Files\MATLAB\R2009a\sys\java\jre\win32\jre\bin\zip.dll
0x77640000 - 0x776c3000 	C:\Windows\system32\CLBCatQ.DLL
0x78760000 - 0x78778000 	C:\Program Files\MATLAB\R2009a\bin\win32\nativejava.dll
0x78780000 - 0x7879d000 	C:\Program Files\MATLAB\R2009a\bin\win32\nativejmi.dll

VM Arguments:
jvm_args: -Xss512k -XX:PermSize=32m -Xms64m -XX:NewRatio=3 -XX:MaxPermSize=64m -Xmx128m -XX:MaxDirectMemorySize=1200000000 -Dsun.java2d.noddraw=true -Dsun.awt.nopixfmt=true -Xshare:off -Xrs -Djava.library.path=C:\Program Files\MATLAB\R2009a\bin\win32 vfprintf abort 
java_command: <unknown>
Launcher Type: generic

Environment Variables:
PATH=C:\Program Files\Common Files\Microsoft Shared\Windows Live;C:\Windows\system32;C:\Windows;C:\Windows\System32\Wbem;C:\Program Files\CyberLink\Power2Go\;C:\Program Files\Common Files\Adobe\AGL;C:\Program Files\Samsung\Samsung PC Studio 3\;C:\Program Files\Common Files\DivX Shared\;C:\Program Files\MATLAB\R2009a\bin;C:\Program Files\MATLAB\R2009a\bin\win32;C:\Program Files\Altium Designer Summer 09\System;C:\PROGRA~1\PICC;C:\Program Files\IVI Foundation\VISA\WinNT\Bin\;C:\Program Files\IVI Foundation\VISA\WinNT\Bin;C:\Windows\System32\WindowsPowerShell\v1.0\;C:\Program Files\Windows Live\Shared;c:\Program Files\Microsoft SQL Server\100\Tools\Binn\;c:\Program Files\Microsoft SQL Server\100\DTS\Binn\;C:\Program Files\Microsoft SQL Server\110\DTS\Binn\;C:\Program Files\Microsoft SQL Server\110\Tools\Binn\;C:\Program Files\Microsoft SQL Server\110\Tools\Binn\ManagementStudio\;C:\Program Files\Microsoft Visual Studio 10.0\Common7\IDE\PrivateAssemblies\;C:\mingw\bin
USERNAME=Jamie
OS=Windows_NT
PROCESSOR_IDENTIFIER=x86 Family 6 Model 15 Stepping 13, GenuineIntel



---------------  S Y S T E M  ---------------

OS: Windows NT 6.1 Build 7601 Service Pack 1

CPU:total 2 (2 cores per cpu, 1 threads per core) family 6 model 15 stepping 13, cmov, cx8, fxsr, mmx, sse, sse2, sse3, ssse3

Memory: 4k page, physical 3135864k(1101456k free), swap 4194303k(3123896k free)

vm_info: Java HotSpot(TM) Client VM (10.0-b19) for windows-x86 JRE (1.6.0_04-b12), built on Dec 14 2007 00:51:20 by "java_re" with MS VC++ 7.1

time: Tue May 14 14:01:45 2013
elapsed time: 6080 seconds

